Flow report for pwm_out
Tue Jun 24 14:56:40 2014
Quartus II 64-Bit Version 11.0 Build 208 07/03/2011 Service Pack 1 SJ Full Version


---------------------
; Table of Contents ;
---------------------
  1. Legal Notice
  2. Flow Summary
  3. Flow Settings
  4. Flow Non-Default Global Settings
  5. Flow Elapsed Time
  6. Flow OS Summary
  7. Flow Log



----------------
; Legal Notice ;
----------------
Copyright (C) 1991-2011 Altera Corporation
Your use of Altera Corporation's design tools, logic functions 
and other software and tools, and its AMPP partner logic 
functions, and any output files from any of the foregoing 
(including device programming or simulation files), and any 
associated documentation or information are expressly subject 
to the terms and conditions of the Altera Program License 
Subscription Agreement, Altera MegaCore Function License 
Agreement, or other applicable license agreement, including, 
without limitation, that your use is for the sole purpose of 
programming logic devices manufactured by Altera and sold by 
Altera or its authorized distributors.  Please refer to the 
applicable agreement for further details.



+-------------------------------------------------------------------------------------+
; Flow Summary                                                                        ;
+------------------------------------+------------------------------------------------+
; Flow Status                        ; Successful - Tue Jun 24 14:56:38 2014          ;
; Quartus II 64-Bit Version          ; 11.0 Build 208 07/03/2011 SP 1 SJ Full Version ;
; Revision Name                      ; pwm_out                                        ;
; Top-level Entity Name              ; pwm_quick_auto                                 ;
; Family                             ; Cyclone IV E                                   ;
; Device                             ; EP4CE6E22C8                                    ;
; Timing Models                      ; Final                                          ;
; Total logic elements               ; 16 / 6,272 ( < 1 % )                           ;
;     Total combinational functions  ; 16 / 6,272 ( < 1 % )                           ;
;     Dedicated logic registers      ; 15 / 6,272 ( < 1 % )                           ;
; Total registers                    ; 15                                             ;
; Total pins                         ; 2 / 92 ( 2 % )                                 ;
; Total virtual pins                 ; 0                                              ;
; Total memory bits                  ; 0 / 276,480 ( 0 % )                            ;
; Embedded Multiplier 9-bit elements ; 0 / 30 ( 0 % )                                 ;
; Total PLLs                         ; 0 / 2 ( 0 % )                                  ;
+------------------------------------+------------------------------------------------+


+-----------------------------------------+
; Flow Settings                           ;
+-------------------+---------------------+
; Option            ; Setting             ;
+-------------------+---------------------+
; Start date & time ; 06/24/2014 14:56:32 ;
; Main task         ; Compilation         ;
; Revision Name     ; pwm_out             ;
+-------------------+---------------------+


+-----------------------------------------------------------------------------------------------------------------------------------------------------------------------------------+
; Flow Non-Default Global Settings                                                                                                                                                  ;
+-------------------------------------+-------------------------------------------------------------------------------------------+---------------+----------------+----------------+
; Assignment Name                     ; Value                                                                                     ; Default Value ; Entity Name    ; Section Id     ;
+-------------------------------------+-------------------------------------------------------------------------------------------+---------------+----------------+----------------+
; COMPILER_SIGNATURE_ID               ; 18431773950758.140359299203784                                                            ; --            ; --             ; --             ;
; CYCLONEII_OPTIMIZATION_TECHNIQUE    ; Speed                                                                                     ; Balanced      ; --             ; --             ;
; MAX_CORE_JUNCTION_TEMP              ; 85                                                                                        ; --            ; --             ; --             ;
; MIN_CORE_JUNCTION_TEMP              ; 0                                                                                         ; --            ; --             ; --             ;
; MISC_FILE                           ; E:/全新电路板设计/基础核心板资料/FPGA纯硬件程序/实战训练33 PWM控制LED/pwm_out/pwm_out.dpf ; --            ; --             ; --             ;
; OUTPUT_IO_TIMING_FAR_END_VMEAS      ; Half Signal Swing                                                                         ; --            ; --             ; --             ;
; OUTPUT_IO_TIMING_FAR_END_VMEAS      ; Half Signal Swing                                                                         ; --            ; --             ; --             ;
; OUTPUT_IO_TIMING_NEAR_END_VMEAS     ; Half Vccio                                                                                ; --            ; --             ; --             ;
; OUTPUT_IO_TIMING_NEAR_END_VMEAS     ; Half Vccio                                                                                ; --            ; --             ; --             ;
; PARTITION_COLOR                     ; 16764057                                                                                  ; --            ; pwm_quick_auto ; Top            ;
; PARTITION_FITTER_PRESERVATION_LEVEL ; PLACEMENT_AND_ROUTING                                                                     ; --            ; pwm_quick_auto ; Top            ;
; PARTITION_NETLIST_TYPE              ; SOURCE                                                                                    ; --            ; pwm_quick_auto ; Top            ;
; POWER_BOARD_THERMAL_MODEL           ; None (CONSERVATIVE)                                                                       ; --            ; --             ; --             ;
; POWER_PRESET_COOLING_SOLUTION       ; 23 MM HEAT SINK WITH 200 LFPM AIRFLOW                                                     ; --            ; --             ; --             ;
; TOP_LEVEL_ENTITY                    ; pwm_quick_auto                                                                            ; pwm_out       ; --             ; --             ;
; USE_GENERATED_PHYSICAL_CONSTRAINTS  ; Off                                                                                       ; --            ; --             ; eda_blast_fpga ;
+-------------------------------------+-------------------------------------------------------------------------------------------+---------------+----------------+----------------+


+-------------------------------------------------------------------------------------------------------------------------------+
; Flow Elapsed Time                                                                                                             ;
+---------------------------+--------------+-------------------------+---------------------+------------------------------------+
; Module Name               ; Elapsed Time ; Average Processors Used ; Peak Virtual Memory ; Total CPU Time (on all processors) ;
+---------------------------+--------------+-------------------------+---------------------+------------------------------------+
; Analysis & Synthesis      ; 00:00:01     ; 1.0                     ; 330 MB              ; 00:00:01                           ;
; Fitter                    ; 00:00:02     ; 1.0                     ; 467 MB              ; 00:00:03                           ;
; Assembler                 ; 00:00:01     ; 1.0                     ; 317 MB              ; 00:00:01                           ;
; TimeQuest Timing Analyzer ; 00:00:02     ; 1.0                     ; 369 MB              ; 00:00:02                           ;
; Total                     ; 00:00:06     ; --                      ; --                  ; 00:00:07                           ;
+---------------------------+--------------+-------------------------+---------------------+------------------------------------+


+----------------------------------------------------------------------------------------+
; Flow OS Summary                                                                        ;
+---------------------------+------------------+-----------+------------+----------------+
; Module Name               ; Machine Hostname ; OS Name   ; OS Version ; Processor type ;
+---------------------------+------------------+-----------+------------+----------------+
; Analysis & Synthesis      ; guo-PC           ; Windows 7 ; 6.1        ; x86_64         ;
; Fitter                    ; guo-PC           ; Windows 7 ; 6.1        ; x86_64         ;
; Assembler                 ; guo-PC           ; Windows 7 ; 6.1        ; x86_64         ;
; TimeQuest Timing Analyzer ; guo-PC           ; Windows 7 ; 6.1        ; x86_64         ;
+---------------------------+------------------+-----------+------------+----------------+


------------
; Flow Log ;
------------
quartus_map --read_settings_files=on --write_settings_files=off pwm_out -c pwm_out
quartus_fit --read_settings_files=off --write_settings_files=off pwm_out -c pwm_out
quartus_asm --read_settings_files=off --write_settings_files=off pwm_out -c pwm_out
quartus_sta pwm_out -c pwm_out



