Timing Analyzer report for en
Mon Jun 16 21:57:45 2014
Version 6.0 Build 202 06/20/2006 Service Pack 1 SJ Full Version


---------------------
; Table of Contents ;
---------------------
  1. Legal Notice
  2. Timing Analyzer Summary
  3. Timing Analyzer Settings
  4. Clock Settings Summary
  5. Clock Setup: 'clk'
  6. tco
  7. Timing Analyzer Messages



----------------
; Legal Notice ;
----------------
Copyright (C) 1991-2006 Altera Corporation
Your use of Altera Corporation's design tools, logic functions 
and other software and tools, and its AMPP partner logic 
functions, and any output files any of the foregoing 
(including device programming or simulation files), and any 
associated documentation or information are expressly subject 
to the terms and conditions of the Altera Program License 
Subscription Agreement, Altera MegaCore Function License 
Agreement, or other applicable license agreement, including, 
without limitation, that your use is for the sole purpose of 
programming logic devices manufactured by Altera and sold by 
Altera or its authorized distributors.  Please refer to the 
applicable agreement for further details.



+----------------------------------------------------------------------------------------------------------------------------------------------------+
; Timing Analyzer Summary                                                                                                                            ;
+------------------------------+-------+---------------+----------------------------------+----------+--------+------------+----------+--------------+
; Type                         ; Slack ; Required Time ; Actual Time                      ; From     ; To     ; From Clock ; To Clock ; Failed Paths ;
+------------------------------+-------+---------------+----------------------------------+----------+--------+------------+----------+--------------+
; Worst-case tco               ; N/A   ; None          ; 7.425 ns                         ; en_buf   ; en     ; clk        ; --       ; 0            ;
; Clock Setup: 'clk'           ; N/A   ; None          ; 164.88 MHz ( period = 6.065 ns ) ; count[4] ; en_buf ; clk        ; clk      ; 0            ;
; Total number of failed paths ;       ;               ;                                  ;          ;        ;            ;          ; 0            ;
+------------------------------+-------+---------------+----------------------------------+----------+--------+------------+----------+--------------+


+------------------------------------------------------------------------------------------------------+
; Timing Analyzer Settings                                                                             ;
+-------------------------------------------------------+--------------------+------+----+-------------+
; Option                                                ; Setting            ; From ; To ; Entity Name ;
+-------------------------------------------------------+--------------------+------+----+-------------+
; Device Name                                           ; EP1C6Q240C8        ;      ;    ;             ;
; Timing Models                                         ; Final              ;      ;    ;             ;
; Number of source nodes to report per destination node ; 10                 ;      ;    ;             ;
; Number of destination nodes to report                 ; 10                 ;      ;    ;             ;
; Number of paths to report                             ; 200                ;      ;    ;             ;
; Report Minimum Timing Checks                          ; Off                ;      ;    ;             ;
; Use Fast Timing Models                                ; Off                ;      ;    ;             ;
; Report IO Paths Separately                            ; Off                ;      ;    ;             ;
; Default hold multicycle                               ; Same As Multicycle ;      ;    ;             ;
; Cut paths between unrelated clock domains             ; On                 ;      ;    ;             ;
; Cut off read during write signal paths                ; On                 ;      ;    ;             ;
; Cut off feedback from I/O pins                        ; On                 ;      ;    ;             ;
; Report Combined Fast/Slow Timing                      ; Off                ;      ;    ;             ;
; Ignore Clock Settings                                 ; Off                ;      ;    ;             ;
; Analyze latches as synchronous elements               ; On                 ;      ;    ;             ;
; Enable Recovery/Removal analysis                      ; Off                ;      ;    ;             ;
; Enable Clock Latency                                  ; Off                ;      ;    ;             ;
; Use TimeQuest Timing Analyzer                         ; Off                ;      ;    ;             ;
+-------------------------------------------------------+--------------------+------+----+-------------+


+------------------------------------------------------------------------------------------------------------------------------------------------------------------------------------+
; Clock Settings Summary                                                                                                                                                             ;
+-----------------+--------------------+----------+------------------+---------------+--------------+----------+-----------------------+---------------------+--------+--------------+
; Clock Node Name ; Clock Setting Name ; Type     ; Fmax Requirement ; Early Latency ; Late Latency ; Based on ; Multiply Base Fmax by ; Divide Base Fmax by ; Offset ; Phase offset ;
+-----------------+--------------------+----------+------------------+---------------+--------------+----------+-----------------------+---------------------+--------+--------------+
; clk             ;                    ; User Pin ; None             ; 0.000 ns      ; 0.000 ns     ; --       ; N/A                   ; N/A                 ; N/A    ;              ;
+-----------------+--------------------+----------+------------------+---------------+--------------+----------+-----------------------+---------------------+--------+--------------+


+-----------------------------------------------------------------------------------------------------------------------------------------------------------------------------------------------------------------------------------+
; Clock Setup: 'clk'                                                                                                                                                                                                                ;
+-----------------------------------------+-----------------------------------------------------+-----------+-----------+------------+----------+-----------------------------+---------------------------+-------------------------+
; Slack                                   ; Actual fmax (period)                                ; From      ; To        ; From Clock ; To Clock ; Required Setup Relationship ; Required Longest P2P Time ; Actual Longest P2P Time ;
+-----------------------------------------+-----------------------------------------------------+-----------+-----------+------------+----------+-----------------------------+---------------------------+-------------------------+
; N/A                                     ; 164.88 MHz ( period = 6.065 ns )                    ; count[4]  ; en_buf    ; clk        ; clk      ; None                        ; None                      ; 5.804 ns                ;
; N/A                                     ; 169.03 MHz ( period = 5.916 ns )                    ; count[1]  ; en_buf    ; clk        ; clk      ; None                        ; None                      ; 5.635 ns                ;
; N/A                                     ; 173.88 MHz ( period = 5.751 ns )                    ; count[0]  ; en_buf    ; clk        ; clk      ; None                        ; None                      ; 5.470 ns                ;
; N/A                                     ; 178.44 MHz ( period = 5.604 ns )                    ; count[4]  ; count[16] ; clk        ; clk      ; None                        ; None                      ; 5.343 ns                ;
; N/A                                     ; 178.48 MHz ( period = 5.603 ns )                    ; count[4]  ; count[19] ; clk        ; clk      ; None                        ; None                      ; 5.342 ns                ;
; N/A                                     ; 178.48 MHz ( period = 5.603 ns )                    ; count[4]  ; count[17] ; clk        ; clk      ; None                        ; None                      ; 5.342 ns                ;
; N/A                                     ; 178.51 MHz ( period = 5.602 ns )                    ; count[4]  ; count[18] ; clk        ; clk      ; None                        ; None                      ; 5.341 ns                ;
; N/A                                     ; 178.70 MHz ( period = 5.596 ns )                    ; count[10] ; en_buf    ; clk        ; clk      ; None                        ; None                      ; 5.315 ns                ;
; N/A                                     ; 179.21 MHz ( period = 5.580 ns )                    ; count[5]  ; en_buf    ; clk        ; clk      ; None                        ; None                      ; 5.319 ns                ;
; N/A                                     ; 183.32 MHz ( period = 5.455 ns )                    ; count[1]  ; count[16] ; clk        ; clk      ; None                        ; None                      ; 5.174 ns                ;
; N/A                                     ; 183.35 MHz ( period = 5.454 ns )                    ; count[1]  ; count[19] ; clk        ; clk      ; None                        ; None                      ; 5.173 ns                ;
; N/A                                     ; 183.35 MHz ( period = 5.454 ns )                    ; count[1]  ; count[17] ; clk        ; clk      ; None                        ; None                      ; 5.173 ns                ;
; N/A                                     ; 183.39 MHz ( period = 5.453 ns )                    ; count[1]  ; count[18] ; clk        ; clk      ; None                        ; None                      ; 5.172 ns                ;
; N/A                                     ; 183.49 MHz ( period = 5.450 ns )                    ; count[4]  ; count[0]  ; clk        ; clk      ; None                        ; None                      ; 5.209 ns                ;
; N/A                                     ; 184.23 MHz ( period = 5.428 ns )                    ; count[2]  ; en_buf    ; clk        ; clk      ; None                        ; None                      ; 5.147 ns                ;
; N/A                                     ; 185.87 MHz ( period = 5.380 ns )                    ; count[11] ; en_buf    ; clk        ; clk      ; None                        ; None                      ; 5.119 ns                ;
; N/A                                     ; 186.25 MHz ( period = 5.369 ns )                    ; count[4]  ; count[9]  ; clk        ; clk      ; None                        ; None                      ; 5.128 ns                ;
; N/A                                     ; 186.29 MHz ( period = 5.368 ns )                    ; count[4]  ; count[14] ; clk        ; clk      ; None                        ; None                      ; 5.127 ns                ;
; N/A                                     ; 187.65 MHz ( period = 5.329 ns )                    ; count[7]  ; en_buf    ; clk        ; clk      ; None                        ; None                      ; 5.068 ns                ;
; N/A                                     ; 188.64 MHz ( period = 5.301 ns )                    ; count[1]  ; count[0]  ; clk        ; clk      ; None                        ; None                      ; 5.040 ns                ;
; N/A                                     ; 189.04 MHz ( period = 5.290 ns )                    ; count[0]  ; count[16] ; clk        ; clk      ; None                        ; None                      ; 5.009 ns                ;
; N/A                                     ; 189.07 MHz ( period = 5.289 ns )                    ; count[0]  ; count[19] ; clk        ; clk      ; None                        ; None                      ; 5.008 ns                ;
; N/A                                     ; 189.07 MHz ( period = 5.289 ns )                    ; count[0]  ; count[17] ; clk        ; clk      ; None                        ; None                      ; 5.008 ns                ;
; N/A                                     ; 189.11 MHz ( period = 5.288 ns )                    ; count[0]  ; count[18] ; clk        ; clk      ; None                        ; None                      ; 5.007 ns                ;
; N/A                                     ; 190.19 MHz ( period = 5.258 ns )                    ; count[21] ; en_buf    ; clk        ; clk      ; None                        ; None                      ; 4.997 ns                ;
; N/A                                     ; 191.57 MHz ( period = 5.220 ns )                    ; count[1]  ; count[9]  ; clk        ; clk      ; None                        ; None                      ; 4.959 ns                ;
; N/A                                     ; 191.61 MHz ( period = 5.219 ns )                    ; count[1]  ; count[14] ; clk        ; clk      ; None                        ; None                      ; 4.958 ns                ;
; N/A                                     ; 193.69 MHz ( period = 5.163 ns )                    ; count[3]  ; en_buf    ; clk        ; clk      ; None                        ; None                      ; 4.882 ns                ;
; N/A                                     ; 193.72 MHz ( period = 5.162 ns )                    ; count[21] ; count[16] ; clk        ; clk      ; None                        ; None                      ; 4.901 ns                ;
; N/A                                     ; 193.76 MHz ( period = 5.161 ns )                    ; count[21] ; count[19] ; clk        ; clk      ; None                        ; None                      ; 4.900 ns                ;
; N/A                                     ; 193.76 MHz ( period = 5.161 ns )                    ; count[21] ; count[17] ; clk        ; clk      ; None                        ; None                      ; 4.900 ns                ;
; N/A                                     ; 193.80 MHz ( period = 5.160 ns )                    ; count[21] ; count[18] ; clk        ; clk      ; None                        ; None                      ; 4.899 ns                ;
; N/A                                     ; 194.70 MHz ( period = 5.136 ns )                    ; count[0]  ; count[0]  ; clk        ; clk      ; None                        ; None                      ; 4.875 ns                ;
; N/A                                     ; 194.74 MHz ( period = 5.135 ns )                    ; count[10] ; count[16] ; clk        ; clk      ; None                        ; None                      ; 4.854 ns                ;
; N/A                                     ; 194.78 MHz ( period = 5.134 ns )                    ; count[10] ; count[19] ; clk        ; clk      ; None                        ; None                      ; 4.853 ns                ;
; N/A                                     ; 194.78 MHz ( period = 5.134 ns )                    ; count[10] ; count[17] ; clk        ; clk      ; None                        ; None                      ; 4.853 ns                ;
; N/A                                     ; 194.82 MHz ( period = 5.133 ns )                    ; count[10] ; count[18] ; clk        ; clk      ; None                        ; None                      ; 4.852 ns                ;
; N/A                                     ; 195.27 MHz ( period = 5.121 ns )                    ; count[8]  ; en_buf    ; clk        ; clk      ; None                        ; None                      ; 4.840 ns                ;
; N/A                                     ; 195.35 MHz ( period = 5.119 ns )                    ; count[5]  ; count[16] ; clk        ; clk      ; None                        ; None                      ; 4.858 ns                ;
; N/A                                     ; 195.39 MHz ( period = 5.118 ns )                    ; count[5]  ; count[19] ; clk        ; clk      ; None                        ; None                      ; 4.857 ns                ;
; N/A                                     ; 195.39 MHz ( period = 5.118 ns )                    ; count[5]  ; count[17] ; clk        ; clk      ; None                        ; None                      ; 4.857 ns                ;
; N/A                                     ; 195.43 MHz ( period = 5.117 ns )                    ; count[5]  ; count[18] ; clk        ; clk      ; None                        ; None                      ; 4.856 ns                ;
; N/A                                     ; 197.12 MHz ( period = 5.073 ns )                    ; count[5]  ; count[28] ; clk        ; clk      ; None                        ; None                      ; 4.832 ns                ;
; N/A                                     ; 197.63 MHz ( period = 5.060 ns )                    ; count[4]  ; count[28] ; clk        ; clk      ; None                        ; None                      ; 4.819 ns                ;
; N/A                                     ; 197.82 MHz ( period = 5.055 ns )                    ; count[0]  ; count[9]  ; clk        ; clk      ; None                        ; None                      ; 4.794 ns                ;
; N/A                                     ; 197.86 MHz ( period = 5.054 ns )                    ; count[0]  ; count[14] ; clk        ; clk      ; None                        ; None                      ; 4.793 ns                ;
; N/A                                     ; 198.18 MHz ( period = 5.046 ns )                    ; count[6]  ; en_buf    ; clk        ; clk      ; None                        ; None                      ; 4.765 ns                ;
; N/A                                     ; 198.45 MHz ( period = 5.039 ns )                    ; count[23] ; en_buf    ; clk        ; clk      ; None                        ; None                      ; 4.778 ns                ;
; N/A                                     ; 199.36 MHz ( period = 5.016 ns )                    ; count[29] ; en_buf    ; clk        ; clk      ; None                        ; None                      ; 4.788 ns                ;
; N/A                                     ; 199.68 MHz ( period = 5.008 ns )                    ; count[21] ; count[0]  ; clk        ; clk      ; None                        ; None                      ; 4.767 ns                ;
; N/A                                     ; 199.92 MHz ( period = 5.002 ns )                    ; count[11] ; count[28] ; clk        ; clk      ; None                        ; None                      ; 4.761 ns                ;
; N/A                                     ; 200.16 MHz ( period = 4.996 ns )                    ; count[7]  ; count[28] ; clk        ; clk      ; None                        ; None                      ; 4.755 ns                ;
; N/A                                     ; 200.76 MHz ( period = 4.981 ns )                    ; count[10] ; count[0]  ; clk        ; clk      ; None                        ; None                      ; 4.720 ns                ;
; N/A                                     ; 201.33 MHz ( period = 4.967 ns )                    ; count[2]  ; count[16] ; clk        ; clk      ; None                        ; None                      ; 4.686 ns                ;
; N/A                                     ; 201.37 MHz ( period = 4.966 ns )                    ; count[2]  ; count[19] ; clk        ; clk      ; None                        ; None                      ; 4.685 ns                ;
; N/A                                     ; 201.37 MHz ( period = 4.966 ns )                    ; count[2]  ; count[17] ; clk        ; clk      ; None                        ; None                      ; 4.685 ns                ;
; N/A                                     ; 201.41 MHz ( period = 4.965 ns )                    ; count[2]  ; count[18] ; clk        ; clk      ; None                        ; None                      ; 4.684 ns                ;
; N/A                                     ; 201.41 MHz ( period = 4.965 ns )                    ; count[5]  ; count[0]  ; clk        ; clk      ; None                        ; None                      ; 4.724 ns                ;
; N/A                                     ; 201.98 MHz ( period = 4.951 ns )                    ; count[5]  ; count[29] ; clk        ; clk      ; None                        ; None                      ; 4.657 ns                ;
; N/A                                     ; 202.02 MHz ( period = 4.950 ns )                    ; count[6]  ; count[16] ; clk        ; clk      ; None                        ; None                      ; 4.669 ns                ;
; N/A                                     ; 202.06 MHz ( period = 4.949 ns )                    ; count[6]  ; count[19] ; clk        ; clk      ; None                        ; None                      ; 4.668 ns                ;
; N/A                                     ; 202.06 MHz ( period = 4.949 ns )                    ; count[6]  ; count[17] ; clk        ; clk      ; None                        ; None                      ; 4.668 ns                ;
; N/A                                     ; 202.10 MHz ( period = 4.948 ns )                    ; count[6]  ; count[18] ; clk        ; clk      ; None                        ; None                      ; 4.667 ns                ;
; N/A                                     ; 202.31 MHz ( period = 4.943 ns )                    ; count[23] ; count[16] ; clk        ; clk      ; None                        ; None                      ; 4.682 ns                ;
; N/A                                     ; 202.35 MHz ( period = 4.942 ns )                    ; count[23] ; count[19] ; clk        ; clk      ; None                        ; None                      ; 4.681 ns                ;
; N/A                                     ; 202.35 MHz ( period = 4.942 ns )                    ; count[23] ; count[17] ; clk        ; clk      ; None                        ; None                      ; 4.681 ns                ;
; N/A                                     ; 202.39 MHz ( period = 4.941 ns )                    ; count[23] ; count[18] ; clk        ; clk      ; None                        ; None                      ; 4.680 ns                ;
; N/A                                     ; 202.43 MHz ( period = 4.940 ns )                    ; count[19] ; en_buf    ; clk        ; clk      ; None                        ; None                      ; 4.679 ns                ;
; N/A                                     ; 202.51 MHz ( period = 4.938 ns )                    ; count[4]  ; count[29] ; clk        ; clk      ; None                        ; None                      ; 4.644 ns                ;
; N/A                                     ; 202.96 MHz ( period = 4.927 ns )                    ; count[21] ; count[9]  ; clk        ; clk      ; None                        ; None                      ; 4.686 ns                ;
; N/A                                     ; 203.00 MHz ( period = 4.926 ns )                    ; count[21] ; count[14] ; clk        ; clk      ; None                        ; None                      ; 4.685 ns                ;
; N/A                                     ; 203.25 MHz ( period = 4.920 ns )                    ; count[29] ; count[16] ; clk        ; clk      ; None                        ; None                      ; 4.692 ns                ;
; N/A                                     ; 203.29 MHz ( period = 4.919 ns )                    ; count[29] ; count[19] ; clk        ; clk      ; None                        ; None                      ; 4.691 ns                ;
; N/A                                     ; 203.29 MHz ( period = 4.919 ns )                    ; count[29] ; count[17] ; clk        ; clk      ; None                        ; None                      ; 4.691 ns                ;
; N/A                                     ; 203.29 MHz ( period = 4.919 ns )                    ; count[11] ; count[16] ; clk        ; clk      ; None                        ; None                      ; 4.658 ns                ;
; N/A                                     ; 203.33 MHz ( period = 4.918 ns )                    ; count[11] ; count[19] ; clk        ; clk      ; None                        ; None                      ; 4.657 ns                ;
; N/A                                     ; 203.33 MHz ( period = 4.918 ns )                    ; count[29] ; count[18] ; clk        ; clk      ; None                        ; None                      ; 4.690 ns                ;
; N/A                                     ; 203.33 MHz ( period = 4.918 ns )                    ; count[11] ; count[17] ; clk        ; clk      ; None                        ; None                      ; 4.657 ns                ;
; N/A                                     ; 203.38 MHz ( period = 4.917 ns )                    ; count[11] ; count[18] ; clk        ; clk      ; None                        ; None                      ; 4.656 ns                ;
; N/A                                     ; 204.08 MHz ( period = 4.900 ns )                    ; count[10] ; count[9]  ; clk        ; clk      ; None                        ; None                      ; 4.639 ns                ;
; N/A                                     ; 204.12 MHz ( period = 4.899 ns )                    ; count[10] ; count[14] ; clk        ; clk      ; None                        ; None                      ; 4.638 ns                ;
; N/A                                     ; 204.75 MHz ( period = 4.884 ns )                    ; count[5]  ; count[9]  ; clk        ; clk      ; None                        ; None                      ; 4.643 ns                ;
; N/A                                     ; 204.79 MHz ( period = 4.883 ns )                    ; count[5]  ; count[14] ; clk        ; clk      ; None                        ; None                      ; 4.642 ns                ;
; N/A                                     ; 204.92 MHz ( period = 4.880 ns )                    ; count[11] ; count[29] ; clk        ; clk      ; None                        ; None                      ; 4.586 ns                ;
; N/A                                     ; 204.96 MHz ( period = 4.879 ns )                    ; count[9]  ; en_buf    ; clk        ; clk      ; None                        ; None                      ; 4.598 ns                ;
; N/A                                     ; 205.17 MHz ( period = 4.874 ns )                    ; count[7]  ; count[29] ; clk        ; clk      ; None                        ; None                      ; 4.580 ns                ;
; N/A                                     ; 205.42 MHz ( period = 4.868 ns )                    ; count[7]  ; count[16] ; clk        ; clk      ; None                        ; None                      ; 4.607 ns                ;
; N/A                                     ; 205.47 MHz ( period = 4.867 ns )                    ; count[7]  ; count[19] ; clk        ; clk      ; None                        ; None                      ; 4.606 ns                ;
; N/A                                     ; 205.47 MHz ( period = 4.867 ns )                    ; count[7]  ; count[17] ; clk        ; clk      ; None                        ; None                      ; 4.606 ns                ;
; N/A                                     ; 205.51 MHz ( period = 4.866 ns )                    ; count[7]  ; count[18] ; clk        ; clk      ; None                        ; None                      ; 4.605 ns                ;
; N/A                                     ; 205.55 MHz ( period = 4.865 ns )                    ; count[27] ; en_buf    ; clk        ; clk      ; None                        ; None                      ; 4.604 ns                ;
; N/A                                     ; 205.97 MHz ( period = 4.855 ns )                    ; count[5]  ; count[20] ; clk        ; clk      ; None                        ; None                      ; 4.614 ns                ;
; N/A                                     ; 206.44 MHz ( period = 4.844 ns )                    ; count[19] ; count[16] ; clk        ; clk      ; None                        ; None                      ; 4.583 ns                ;
; N/A                                     ; 206.48 MHz ( period = 4.843 ns )                    ; count[19] ; count[19] ; clk        ; clk      ; None                        ; None                      ; 4.582 ns                ;
; N/A                                     ; 206.48 MHz ( period = 4.843 ns )                    ; count[19] ; count[17] ; clk        ; clk      ; None                        ; None                      ; 4.582 ns                ;
; N/A                                     ; 206.53 MHz ( period = 4.842 ns )                    ; count[4]  ; count[20] ; clk        ; clk      ; None                        ; None                      ; 4.601 ns                ;
; N/A                                     ; 206.53 MHz ( period = 4.842 ns )                    ; count[19] ; count[18] ; clk        ; clk      ; None                        ; None                      ; 4.581 ns                ;
; N/A                                     ; 207.77 MHz ( period = 4.813 ns )                    ; count[2]  ; count[0]  ; clk        ; clk      ; None                        ; None                      ; 4.552 ns                ;
; N/A                                     ; 208.51 MHz ( period = 4.796 ns )                    ; count[6]  ; count[0]  ; clk        ; clk      ; None                        ; None                      ; 4.535 ns                ;
; N/A                                     ; 208.81 MHz ( period = 4.789 ns )                    ; count[23] ; count[0]  ; clk        ; clk      ; None                        ; None                      ; 4.548 ns                ;
; N/A                                     ; 209.03 MHz ( period = 4.784 ns )                    ; count[11] ; count[20] ; clk        ; clk      ; None                        ; None                      ; 4.543 ns                ;
; N/A                                     ; 209.07 MHz ( period = 4.783 ns )                    ; count[9]  ; count[16] ; clk        ; clk      ; None                        ; None                      ; 4.502 ns                ;
; N/A                                     ; 209.12 MHz ( period = 4.782 ns )                    ; count[16] ; en_buf    ; clk        ; clk      ; None                        ; None                      ; 4.521 ns                ;
; N/A                                     ; 209.12 MHz ( period = 4.782 ns )                    ; count[9]  ; count[19] ; clk        ; clk      ; None                        ; None                      ; 4.501 ns                ;
; N/A                                     ; 209.12 MHz ( period = 4.782 ns )                    ; count[9]  ; count[17] ; clk        ; clk      ; None                        ; None                      ; 4.501 ns                ;
; N/A                                     ; 209.16 MHz ( period = 4.781 ns )                    ; count[9]  ; count[18] ; clk        ; clk      ; None                        ; None                      ; 4.500 ns                ;
; N/A                                     ; 209.21 MHz ( period = 4.780 ns )                    ; count[30] ; en_buf    ; clk        ; clk      ; None                        ; None                      ; 4.519 ns                ;
; N/A                                     ; 209.29 MHz ( period = 4.778 ns )                    ; count[7]  ; count[20] ; clk        ; clk      ; None                        ; None                      ; 4.537 ns                ;
; N/A                                     ; 209.69 MHz ( period = 4.769 ns )                    ; count[27] ; count[16] ; clk        ; clk      ; None                        ; None                      ; 4.508 ns                ;
; N/A                                     ; 209.73 MHz ( period = 4.768 ns )                    ; count[27] ; count[19] ; clk        ; clk      ; None                        ; None                      ; 4.507 ns                ;
; N/A                                     ; 209.73 MHz ( period = 4.768 ns )                    ; count[27] ; count[17] ; clk        ; clk      ; None                        ; None                      ; 4.507 ns                ;
; N/A                                     ; 209.78 MHz ( period = 4.767 ns )                    ; count[27] ; count[18] ; clk        ; clk      ; None                        ; None                      ; 4.506 ns                ;
; N/A                                     ; 209.82 MHz ( period = 4.766 ns )                    ; count[1]  ; count[28] ; clk        ; clk      ; None                        ; None                      ; 4.505 ns                ;
; N/A                                     ; 209.82 MHz ( period = 4.766 ns )                    ; count[29] ; count[0]  ; clk        ; clk      ; None                        ; None                      ; 4.558 ns                ;
; N/A                                     ; 209.86 MHz ( period = 4.765 ns )                    ; count[11] ; count[0]  ; clk        ; clk      ; None                        ; None                      ; 4.524 ns                ;
; N/A                                     ; 210.26 MHz ( period = 4.756 ns )                    ; count[25] ; en_buf    ; clk        ; clk      ; None                        ; None                      ; 4.495 ns                ;
; N/A                                     ; 210.35 MHz ( period = 4.754 ns )                    ; count[6]  ; count[28] ; clk        ; clk      ; None                        ; None                      ; 4.493 ns                ;
; N/A                                     ; 211.33 MHz ( period = 4.732 ns )                    ; count[2]  ; count[9]  ; clk        ; clk      ; None                        ; None                      ; 4.471 ns                ;
; N/A                                     ; 211.37 MHz ( period = 4.731 ns )                    ; count[2]  ; count[14] ; clk        ; clk      ; None                        ; None                      ; 4.470 ns                ;
; N/A                                     ; 212.09 MHz ( period = 4.715 ns )                    ; count[6]  ; count[9]  ; clk        ; clk      ; None                        ; None                      ; 4.454 ns                ;
; N/A                                     ; 212.13 MHz ( period = 4.714 ns )                    ; count[7]  ; count[0]  ; clk        ; clk      ; None                        ; None                      ; 4.473 ns                ;
; N/A                                     ; 212.13 MHz ( period = 4.714 ns )                    ; count[6]  ; count[14] ; clk        ; clk      ; None                        ; None                      ; 4.453 ns                ;
; N/A                                     ; 212.40 MHz ( period = 4.708 ns )                    ; count[23] ; count[9]  ; clk        ; clk      ; None                        ; None                      ; 4.467 ns                ;
; N/A                                     ; 212.45 MHz ( period = 4.707 ns )                    ; count[23] ; count[14] ; clk        ; clk      ; None                        ; None                      ; 4.466 ns                ;
; N/A                                     ; 212.68 MHz ( period = 4.702 ns )                    ; count[3]  ; count[16] ; clk        ; clk      ; None                        ; None                      ; 4.421 ns                ;
; N/A                                     ; 212.72 MHz ( period = 4.701 ns )                    ; count[3]  ; count[19] ; clk        ; clk      ; None                        ; None                      ; 4.420 ns                ;
; N/A                                     ; 212.72 MHz ( period = 4.701 ns )                    ; count[3]  ; count[17] ; clk        ; clk      ; None                        ; None                      ; 4.420 ns                ;
; N/A                                     ; 212.77 MHz ( period = 4.700 ns )                    ; count[3]  ; count[18] ; clk        ; clk      ; None                        ; None                      ; 4.419 ns                ;
; N/A                                     ; 213.22 MHz ( period = 4.690 ns )                    ; count[19] ; count[0]  ; clk        ; clk      ; None                        ; None                      ; 4.449 ns                ;
; N/A                                     ; 213.40 MHz ( period = 4.686 ns )                    ; count[16] ; count[16] ; clk        ; clk      ; None                        ; None                      ; 4.425 ns                ;
; N/A                                     ; 213.45 MHz ( period = 4.685 ns )                    ; count[29] ; count[9]  ; clk        ; clk      ; None                        ; None                      ; 4.477 ns                ;
; N/A                                     ; 213.45 MHz ( period = 4.685 ns )                    ; count[16] ; count[19] ; clk        ; clk      ; None                        ; None                      ; 4.424 ns                ;
; N/A                                     ; 213.45 MHz ( period = 4.685 ns )                    ; count[16] ; count[17] ; clk        ; clk      ; None                        ; None                      ; 4.424 ns                ;
; N/A                                     ; 213.49 MHz ( period = 4.684 ns )                    ; count[11] ; count[9]  ; clk        ; clk      ; None                        ; None                      ; 4.443 ns                ;
; N/A                                     ; 213.49 MHz ( period = 4.684 ns )                    ; count[16] ; count[18] ; clk        ; clk      ; None                        ; None                      ; 4.423 ns                ;
; N/A                                     ; 213.49 MHz ( period = 4.684 ns )                    ; count[30] ; count[16] ; clk        ; clk      ; None                        ; None                      ; 4.423 ns                ;
; N/A                                     ; 213.49 MHz ( period = 4.684 ns )                    ; count[29] ; count[14] ; clk        ; clk      ; None                        ; None                      ; 4.476 ns                ;
; N/A                                     ; 213.54 MHz ( period = 4.683 ns )                    ; count[14] ; en_buf    ; clk        ; clk      ; None                        ; None                      ; 4.402 ns                ;
; N/A                                     ; 213.54 MHz ( period = 4.683 ns )                    ; count[2]  ; count[28] ; clk        ; clk      ; None                        ; None                      ; 4.422 ns                ;
; N/A                                     ; 213.54 MHz ( period = 4.683 ns )                    ; count[30] ; count[19] ; clk        ; clk      ; None                        ; None                      ; 4.422 ns                ;
; N/A                                     ; 213.54 MHz ( period = 4.683 ns )                    ; count[30] ; count[17] ; clk        ; clk      ; None                        ; None                      ; 4.422 ns                ;
; N/A                                     ; 213.54 MHz ( period = 4.683 ns )                    ; count[11] ; count[14] ; clk        ; clk      ; None                        ; None                      ; 4.442 ns                ;
; N/A                                     ; 213.58 MHz ( period = 4.682 ns )                    ; count[30] ; count[18] ; clk        ; clk      ; None                        ; None                      ; 4.421 ns                ;
; N/A                                     ; 214.36 MHz ( period = 4.665 ns )                    ; count[20] ; count[28] ; clk        ; clk      ; None                        ; None                      ; 4.404 ns                ;
; N/A                                     ; 214.59 MHz ( period = 4.660 ns )                    ; count[25] ; count[16] ; clk        ; clk      ; None                        ; None                      ; 4.399 ns                ;
; N/A                                     ; 214.59 MHz ( period = 4.660 ns )                    ; count[8]  ; count[16] ; clk        ; clk      ; None                        ; None                      ; 4.379 ns                ;
; N/A                                     ; 214.64 MHz ( period = 4.659 ns )                    ; count[25] ; count[19] ; clk        ; clk      ; None                        ; None                      ; 4.398 ns                ;
; N/A                                     ; 214.64 MHz ( period = 4.659 ns )                    ; count[8]  ; count[19] ; clk        ; clk      ; None                        ; None                      ; 4.378 ns                ;
; N/A                                     ; 214.64 MHz ( period = 4.659 ns )                    ; count[25] ; count[17] ; clk        ; clk      ; None                        ; None                      ; 4.398 ns                ;
; N/A                                     ; 214.64 MHz ( period = 4.659 ns )                    ; count[8]  ; count[17] ; clk        ; clk      ; None                        ; None                      ; 4.378 ns                ;
; N/A                                     ; 214.68 MHz ( period = 4.658 ns )                    ; count[25] ; count[18] ; clk        ; clk      ; None                        ; None                      ; 4.397 ns                ;
; N/A                                     ; 214.68 MHz ( period = 4.658 ns )                    ; count[8]  ; count[18] ; clk        ; clk      ; None                        ; None                      ; 4.377 ns                ;
; N/A                                     ; 214.78 MHz ( period = 4.656 ns )                    ; count[4]  ; count[6]  ; clk        ; clk      ; None                        ; None                      ; 4.415 ns                ;
; N/A                                     ; 215.05 MHz ( period = 4.650 ns )                    ; count[5]  ; count[22] ; clk        ; clk      ; None                        ; None                      ; 4.389 ns                ;
; N/A                                     ; 215.29 MHz ( period = 4.645 ns )                    ; count[5]  ; count[25] ; clk        ; clk      ; None                        ; None                      ; 4.384 ns                ;
; N/A                                     ; 215.33 MHz ( period = 4.644 ns )                    ; count[1]  ; count[29] ; clk        ; clk      ; None                        ; None                      ; 4.330 ns                ;
; N/A                                     ; 215.38 MHz ( period = 4.643 ns )                    ; count[5]  ; count[24] ; clk        ; clk      ; None                        ; None                      ; 4.402 ns                ;
; N/A                                     ; 215.52 MHz ( period = 4.640 ns )                    ; count[5]  ; count[11] ; clk        ; clk      ; None                        ; None                      ; 4.379 ns                ;
; N/A                                     ; 215.61 MHz ( period = 4.638 ns )                    ; count[15] ; count[28] ; clk        ; clk      ; None                        ; None                      ; 4.377 ns                ;
; N/A                                     ; 215.66 MHz ( period = 4.637 ns )                    ; count[4]  ; count[22] ; clk        ; clk      ; None                        ; None                      ; 4.376 ns                ;
; N/A                                     ; 215.84 MHz ( period = 4.633 ns )                    ; count[7]  ; count[9]  ; clk        ; clk      ; None                        ; None                      ; 4.392 ns                ;
; N/A                                     ; 215.89 MHz ( period = 4.632 ns )                    ; count[6]  ; count[29] ; clk        ; clk      ; None                        ; None                      ; 4.318 ns                ;
; N/A                                     ; 215.89 MHz ( period = 4.632 ns )                    ; count[4]  ; count[25] ; clk        ; clk      ; None                        ; None                      ; 4.371 ns                ;
; N/A                                     ; 215.89 MHz ( period = 4.632 ns )                    ; count[7]  ; count[14] ; clk        ; clk      ; None                        ; None                      ; 4.391 ns                ;
; N/A                                     ; 215.98 MHz ( period = 4.630 ns )                    ; count[4]  ; count[24] ; clk        ; clk      ; None                        ; None                      ; 4.389 ns                ;
; N/A                                     ; 216.03 MHz ( period = 4.629 ns )                    ; count[9]  ; count[0]  ; clk        ; clk      ; None                        ; None                      ; 4.368 ns                ;
; N/A                                     ; 216.12 MHz ( period = 4.627 ns )                    ; count[4]  ; count[11] ; clk        ; clk      ; None                        ; None                      ; 4.366 ns                ;
; N/A                                     ; 216.17 MHz ( period = 4.626 ns )                    ; count[18] ; en_buf    ; clk        ; clk      ; None                        ; None                      ; 4.365 ns                ;
; N/A                                     ; 216.68 MHz ( period = 4.615 ns )                    ; count[27] ; count[0]  ; clk        ; clk      ; None                        ; None                      ; 4.374 ns                ;
; N/A                                     ; 216.97 MHz ( period = 4.609 ns )                    ; count[31] ; en_buf    ; clk        ; clk      ; None                        ; None                      ; 4.348 ns                ;
; N/A                                     ; 216.97 MHz ( period = 4.609 ns )                    ; count[19] ; count[9]  ; clk        ; clk      ; None                        ; None                      ; 4.368 ns                ;
; N/A                                     ; 217.01 MHz ( period = 4.608 ns )                    ; count[19] ; count[14] ; clk        ; clk      ; None                        ; None                      ; 4.367 ns                ;
; N/A                                     ; 218.01 MHz ( period = 4.587 ns )                    ; count[14] ; count[16] ; clk        ; clk      ; None                        ; None                      ; 4.306 ns                ;
; N/A                                     ; 218.05 MHz ( period = 4.586 ns )                    ; count[14] ; count[19] ; clk        ; clk      ; None                        ; None                      ; 4.305 ns                ;
; N/A                                     ; 218.05 MHz ( period = 4.586 ns )                    ; count[14] ; count[17] ; clk        ; clk      ; None                        ; None                      ; 4.305 ns                ;
; N/A                                     ; 218.10 MHz ( period = 4.585 ns )                    ; count[14] ; count[18] ; clk        ; clk      ; None                        ; None                      ; 4.304 ns                ;
; N/A                                     ; 218.39 MHz ( period = 4.579 ns )                    ; count[11] ; count[22] ; clk        ; clk      ; None                        ; None                      ; 4.318 ns                ;
; N/A                                     ; 218.63 MHz ( period = 4.574 ns )                    ; count[11] ; count[25] ; clk        ; clk      ; None                        ; None                      ; 4.313 ns                ;
; N/A                                     ; 218.67 MHz ( period = 4.573 ns )                    ; count[7]  ; count[22] ; clk        ; clk      ; None                        ; None                      ; 4.312 ns                ;
; N/A                                     ; 218.72 MHz ( period = 4.572 ns )                    ; count[11] ; count[24] ; clk        ; clk      ; None                        ; None                      ; 4.331 ns                ;
; N/A                                     ; 218.77 MHz ( period = 4.571 ns )                    ; count[24] ; count[28] ; clk        ; clk      ; None                        ; None                      ; 4.310 ns                ;
; N/A                                     ; 218.91 MHz ( period = 4.568 ns )                    ; count[7]  ; count[25] ; clk        ; clk      ; None                        ; None                      ; 4.307 ns                ;
; N/A                                     ; 219.01 MHz ( period = 4.566 ns )                    ; count[7]  ; count[24] ; clk        ; clk      ; None                        ; None                      ; 4.325 ns                ;
; N/A                                     ; 219.15 MHz ( period = 4.563 ns )                    ; count[7]  ; count[11] ; clk        ; clk      ; None                        ; None                      ; 4.302 ns                ;
; N/A                                     ; 219.20 MHz ( period = 4.562 ns )                    ; count[5]  ; count[27] ; clk        ; clk      ; None                        ; None                      ; 4.301 ns                ;
; N/A                                     ; 219.25 MHz ( period = 4.561 ns )                    ; count[2]  ; count[29] ; clk        ; clk      ; None                        ; None                      ; 4.247 ns                ;
; N/A                                     ; 219.83 MHz ( period = 4.549 ns )                    ; count[22] ; count[28] ; clk        ; clk      ; None                        ; None                      ; 4.308 ns                ;
; N/A                                     ; 219.83 MHz ( period = 4.549 ns )                    ; count[4]  ; count[27] ; clk        ; clk      ; None                        ; None                      ; 4.288 ns                ;
; N/A                                     ; 219.88 MHz ( period = 4.548 ns )                    ; count[1]  ; count[20] ; clk        ; clk      ; None                        ; None                      ; 4.287 ns                ;
; N/A                                     ; 219.88 MHz ( period = 4.548 ns )                    ; count[9]  ; count[9]  ; clk        ; clk      ; None                        ; None                      ; 4.287 ns                ;
; N/A                                     ; 219.88 MHz ( period = 4.548 ns )                    ; count[3]  ; count[0]  ; clk        ; clk      ; None                        ; None                      ; 4.287 ns                ;
; N/A                                     ; 219.93 MHz ( period = 4.547 ns )                    ; count[9]  ; count[14] ; clk        ; clk      ; None                        ; None                      ; 4.286 ns                ;
; N/A                                     ; 220.12 MHz ( period = 4.543 ns )                    ; count[20] ; count[29] ; clk        ; clk      ; None                        ; None                      ; 4.229 ns                ;
; N/A                                     ; 220.22 MHz ( period = 4.541 ns )                    ; count[5]  ; count[7]  ; clk        ; clk      ; None                        ; None                      ; 4.280 ns                ;
; N/A                                     ; 220.46 MHz ( period = 4.536 ns )                    ; count[6]  ; count[20] ; clk        ; clk      ; None                        ; None                      ; 4.275 ns                ;
; N/A                                     ; 220.56 MHz ( period = 4.534 ns )                    ; count[27] ; count[9]  ; clk        ; clk      ; None                        ; None                      ; 4.293 ns                ;
; N/A                                     ; 220.60 MHz ( period = 4.533 ns )                    ; count[27] ; count[14] ; clk        ; clk      ; None                        ; None                      ; 4.292 ns                ;
; N/A                                     ; 220.65 MHz ( period = 4.532 ns )                    ; count[16] ; count[0]  ; clk        ; clk      ; None                        ; None                      ; 4.291 ns                ;
; N/A                                     ; 220.75 MHz ( period = 4.530 ns )                    ; count[18] ; count[16] ; clk        ; clk      ; None                        ; None                      ; 4.269 ns                ;
; N/A                                     ; 220.75 MHz ( period = 4.530 ns )                    ; count[30] ; count[0]  ; clk        ; clk      ; None                        ; None                      ; 4.289 ns                ;
; Timing analysis restricted to 200 rows. ; To change the limit use Settings (Assignments menu) ;           ;           ;            ;          ;                             ;                           ;                         ;
+-----------------------------------------+-----------------------------------------------------+-----------+-----------+------------+----------+-----------------------------+---------------------------+-------------------------+


+--------------------------------------------------------------+
; tco                                                          ;
+-------+--------------+------------+--------+----+------------+
; Slack ; Required tco ; Actual tco ; From   ; To ; From Clock ;
+-------+--------------+------------+--------+----+------------+
; N/A   ; None         ; 7.425 ns   ; en_buf ; en ; clk        ;
+-------+--------------+------------+--------+----+------------+


+--------------------------+
; Timing Analyzer Messages ;
+--------------------------+
Info: *******************************************************************
Info: Running Quartus II Timing Analyzer
    Info: Version 6.0 Build 202 06/20/2006 Service Pack 1 SJ Full Version
    Info: Processing started: Mon Jun 16 21:57:45 2014
Info: Command: quartus_tan --read_settings_files=off --write_settings_files=off en -c en --timing_analysis_only
Warning: Found pins functioning as undefined clocks and/or memory enables
    Info: Assuming node "clk" is an undefined clock
Info: Clock "clk" has Internal fmax of 164.88 MHz between source register "count[4]" and destination register "en_buf" (period= 6.065 ns)
    Info: + Longest register to register delay is 5.804 ns
        Info: 1: + IC(0.000 ns) + CELL(0.000 ns) = 0.000 ns; Loc. = LC_X23_Y10_N1; Fanout = 4; REG Node = 'count[4]'
        Info: 2: + IC(0.524 ns) + CELL(0.590 ns) = 1.114 ns; Loc. = LC_X23_Y10_N4; Fanout = 2; COMB Node = 'LessThan1~327'
        Info: 3: + IC(1.237 ns) + CELL(0.590 ns) = 2.941 ns; Loc. = LC_X22_Y13_N8; Fanout = 2; COMB Node = 'Equal0~283'
        Info: 4: + IC(1.558 ns) + CELL(0.292 ns) = 4.791 ns; Loc. = LC_X22_Y12_N3; Fanout = 1; COMB Node = 'en_buf~313'
        Info: 5: + IC(0.406 ns) + CELL(0.607 ns) = 5.804 ns; Loc. = LC_X22_Y12_N1; Fanout = 2; REG Node = 'en_buf'
        Info: Total cell delay = 2.079 ns ( 35.82 % )
        Info: Total interconnect delay = 3.725 ns ( 64.18 % )
    Info: - Smallest clock skew is 0.000 ns
        Info: + Shortest clock path from clock "clk" to destination register is 2.942 ns
            Info: 1: + IC(0.000 ns) + CELL(1.469 ns) = 1.469 ns; Loc. = PIN_29; Fanout = 34; CLK Node = 'clk'
            Info: 2: + IC(0.762 ns) + CELL(0.711 ns) = 2.942 ns; Loc. = LC_X22_Y12_N1; Fanout = 2; REG Node = 'en_buf'
            Info: Total cell delay = 2.180 ns ( 74.10 % )
            Info: Total interconnect delay = 0.762 ns ( 25.90 % )
        Info: - Longest clock path from clock "clk" to source register is 2.942 ns
            Info: 1: + IC(0.000 ns) + CELL(1.469 ns) = 1.469 ns; Loc. = PIN_29; Fanout = 34; CLK Node = 'clk'
            Info: 2: + IC(0.762 ns) + CELL(0.711 ns) = 2.942 ns; Loc. = LC_X23_Y10_N1; Fanout = 4; REG Node = 'count[4]'
            Info: Total cell delay = 2.180 ns ( 74.10 % )
            Info: Total interconnect delay = 0.762 ns ( 25.90 % )
    Info: + Micro clock to output delay of source is 0.224 ns
    Info: + Micro setup delay of destination is 0.037 ns
Info: tco from clock "clk" to destination pin "en" through register "en_buf" is 7.425 ns
    Info: + Longest clock path from clock "clk" to source register is 2.942 ns
        Info: 1: + IC(0.000 ns) + CELL(1.469 ns) = 1.469 ns; Loc. = PIN_29; Fanout = 34; CLK Node = 'clk'
        Info: 2: + IC(0.762 ns) + CELL(0.711 ns) = 2.942 ns; Loc. = LC_X22_Y12_N1; Fanout = 2; REG Node = 'en_buf'
        Info: Total cell delay = 2.180 ns ( 74.10 % )
        Info: Total interconnect delay = 0.762 ns ( 25.90 % )
    Info: + Micro clock to output delay of source is 0.224 ns
    Info: + Longest register to pin delay is 4.259 ns
        Info: 1: + IC(0.000 ns) + CELL(0.000 ns) = 0.000 ns; Loc. = LC_X22_Y12_N1; Fanout = 2; REG Node = 'en_buf'
        Info: 2: + IC(2.151 ns) + CELL(2.108 ns) = 4.259 ns; Loc. = PIN_203; Fanout = 0; PIN Node = 'en'
        Info: Total cell delay = 2.108 ns ( 49.50 % )
        Info: Total interconnect delay = 2.151 ns ( 50.50 % )
Info: Quartus II Timing Analyzer was successful. 0 errors, 1 warning
    Info: Processing ended: Mon Jun 16 21:57:45 2014
    Info: Elapsed time: 00:00:00


